<?xml version="1.0" encoding="UTF-8"?>
<!-- Generated by org.testng.reporters.JUnitReportReporter -->
<testsuite hostname="LP2-AP-51899378" failures="0" tests="2" name="programs.Test1" time="2.816" errors="0" timestamp="22 Jul 2024 12:40:26 GMT" skipped="0">
  <testcase classname="programs.Test1" name="register" time="2.652"/>
  <testcase classname="programs.Test1" name="support" time="0.164"/>
</testsuite> <!-- programs.Test1 -->
